This file contains any messages produced by compilers while
running configure, to aid debugging if configure makes a mistake.

It was created by wsjt configure 7.04, which was
generated by GNU Autoconf 2.62.  Invocation command line was

  $ ./configure --with-portaudio-include-dir=/usr/local/include --with-portaudio-lib-dir=/usr/local/lib

## --------- ##
## Platform. ##
## --------- ##

hostname = Liangs-MacBook-Air.local
uname -m = x86_64
uname -r = 11.4.2
uname -s = Darwin
uname -v = Darwin Kernel Version 11.4.2: Thu Aug 23 16:25:48 PDT 2012; root:xnu-1699.32.7~1/RELEASE_X86_64

/usr/bin/uname -p = i386
/bin/uname -X     = unknown

/bin/arch              = unknown
/usr/bin/arch -k       = unknown
/usr/convex/getsysinfo = unknown
/usr/bin/hostinfo      = Mach kernel version:
	 Darwin Kernel Version 11.4.2: Thu Aug 23 16:25:48 PDT 2012; root:xnu-1699.32.7~1/RELEASE_X86_64
Kernel configured for up to 2 processors.
2 processors are physically available.
2 processors are logically available.
Processor type: i486 (Intel 80486)
Processors active: 0 1
Primary memory available: 4.00 gigabytes
Default processor set: 82 tasks, 422 threads, 2 processors
Load average: 0.72, Mach factor: 1.34
/bin/machine           = unknown
/usr/bin/oslevel       = unknown
/bin/universe          = unknown

PATH: /Library/Frameworks/Python.framework/Versions/2.7/bin
PATH: .
PATH: /opt/local/bin
PATH: /opt/local/sbin
PATH: /usr/bin
PATH: /bin
PATH: /usr/sbin
PATH: /sbin
PATH: /usr/local/bin
PATH: /usr/X11/bin


## ----------- ##
## Core tests. ##
## ----------- ##

configure:1883: checking for gcc
configure:1899: found /usr/bin/gcc
configure:1910: result: gcc
configure:2148: checking for C compiler version
configure:2156: gcc --version >&5
i686-apple-darwin11-gcc-4.2.1 (GCC) 4.2.1 (Apple Inc. build 5666) (dot 3)
Copyright (C) 2007 Free Software Foundation, Inc.
This is free software; see the source for copying conditions.  There is NO
warranty; not even for MERCHANTABILITY or FITNESS FOR A PARTICULAR PURPOSE.

configure:2160: $? = 0
configure:2167: gcc -v >&5
Using built-in specs.
Target: i686-apple-darwin11
Configured with: /Volumes/Media/Builds/gcc-5666.3/build/obj/src/configure --disable-checking --prefix=/usr --mandir=/share/man --enable-languages=c,objc,c++,obj-c++,fortran --program-transform-name=/^[cg][^.-]*$/s/$/-4.2/ --with-slibdir=/usr/lib --build=i686-apple-darwin11 --program-prefix=i686-apple-darwin11- --host=x86_64-apple-darwin11 --target=i686-apple-darwin11 --with-gxx-include-dir=/include/c++/4.2.1
Thread model: posix
gcc version 4.2.1 (Apple Inc. build 5666) (dot 3)
configure:2171: $? = 0
configure:2178: gcc -V >&5
gcc-4.2: argument to `-V' is missing
configure:2182: $? = 1
configure:2205: checking for C compiler default output file name
configure:2227: gcc    conftest.c  >&5
configure:2231: $? = 0
configure:2269: result: a.out
configure:2286: checking whether the C compiler works
configure:2296: ./a.out
configure:2300: $? = 0
configure:2317: result: yes
configure:2324: checking whether we are cross compiling
configure:2326: result: no
configure:2329: checking for suffix of executables
configure:2336: gcc -o conftest    conftest.c  >&5
configure:2340: $? = 0
configure:2364: result: 
configure:2370: checking for suffix of object files
configure:2396: gcc -c   conftest.c >&5
configure:2400: $? = 0
configure:2423: result: o
configure:2427: checking whether we are using the GNU C compiler
configure:2456: gcc -c   conftest.c >&5
configure:2463: $? = 0
configure:2480: result: yes
configure:2489: checking whether gcc accepts -g
configure:2519: gcc -c -g  conftest.c >&5
configure:2526: $? = 0
configure:2627: result: yes
configure:2644: checking for gcc option to accept ISO C89
configure:2718: gcc  -c -g -O2  conftest.c >&5
configure:2725: $? = 0
configure:2748: result: none needed
configure:2825: checking for g77
configure:2855: result: no
configure:2825: checking for xlf
configure:2855: result: no
configure:2825: checking for f77
configure:2855: result: no
configure:2825: checking for frt
configure:2855: result: no
configure:2825: checking for pgf77
configure:2855: result: no
configure:2825: checking for cf77
configure:2855: result: no
configure:2825: checking for fort77
configure:2855: result: no
configure:2825: checking for fl32
configure:2855: result: no
configure:2825: checking for af77
configure:2855: result: no
configure:2825: checking for xlf90
configure:2855: result: no
configure:2825: checking for f90
configure:2855: result: no
configure:2825: checking for pgf90
configure:2855: result: no
configure:2825: checking for pghpf
configure:2855: result: no
configure:2825: checking for epcf90
configure:2855: result: no
configure:2825: checking for gfortran
configure:2841: found /usr/bin/gfortran
configure:2852: result: gfortran
configure:2882: checking for Fortran 77 compiler version
configure:2890: gfortran --version >&5
GNU Fortran (GCC) 4.2.1 (Apple Inc. build 5666) (dot 3)
Copyright (C) 2007 Free Software Foundation, Inc.

GNU Fortran comes with NO WARRANTY, to the extent permitted by law.
You may redistribute copies of GNU Fortran
under the terms of the GNU General Public License.
For more information about these matters, see the file named COPYING

configure:2894: $? = 0
configure:2901: gfortran -v >&5
Using built-in specs.
Target: i686-apple-darwin11
Configured with: /Volumes/Media/Builds/gcc-5666.3/build/obj/src/configure --disable-checking --prefix=/usr --mandir=/share/man --enable-languages=c,objc,c++,obj-c++,fortran --program-transform-name=/^[cg][^.-]*$/s/$/-4.2/ --with-slibdir=/usr/lib --build=i686-apple-darwin11 --program-prefix=i686-apple-darwin11- --host=x86_64-apple-darwin11 --target=i686-apple-darwin11 --with-gxx-include-dir=/include/c++/4.2.1
Thread model: posix
gcc version 4.2.1 (Apple Inc. build 5666) (dot 3)
configure:2905: $? = 0
configure:2912: gfortran -V >&5
gfortran-4.2: argument to `-V' is missing
configure:2916: $? = 1
configure:2924: checking whether we are using the GNU Fortran 77 compiler
configure:2943: gfortran -c  conftest.F >&5
configure:2950: $? = 0
configure:2967: result: yes
configure:2973: checking whether gfortran accepts -g
configure:2990: gfortran -c -g conftest.f >&5
configure:2997: $? = 0
configure:3013: result: yes
configure:3090: checking uname -s
configure:3115: result: no
configure:3127: checking for g95
configure:3160: result: no
configure:3167: checking for gfortran
configure:3185: found /usr/bin/gfortran
configure:3197: result: /usr/bin/gfortran
configure:3281: checking for a v19 portaudio 
configure:3314: checking for Pa_GetVersion in -lportaudio
configure:3349: gcc -o conftest  -I/usr/local/include -I/usr/local/include  -L/usr/local/lib -L/usr/local/lib  conftest.c -lportaudio   -lpthread  -lportaudio >&5
configure:3356: $? = 0
configure:3377: result: yes
configure:3504: checking if gcc is Apple GCC
configure:3513: result: yes
configure:3528: checking for library containing strerror
configure:3569: gcc -o conftest  -Wall -O0 -g  -Wall -O0 -g -I/usr/local/include -I/usr/local/include  -L/usr/local/lib -L/usr/local/lib  conftest.c  -lpthread  -lportaudio >&5
configure:3576: $? = 0
configure:3607: result: none required
configure:3615: checking for inline
configure:3641: gcc -c  -Wall -O0 -g  -Wall -O0 -g -I/usr/local/include -I/usr/local/include  conftest.c >&5
configure:3648: $? = 0
configure:3666: result: inline
configure:3690: checking how to run the C preprocessor
configure:3730: gcc -E -I/usr/local/include -I/usr/local/include  conftest.c
configure:3737: $? = 0
configure:3768: gcc -E -I/usr/local/include -I/usr/local/include  conftest.c
conftest.c:10:28: error: ac_nonexistent.h: No such file or directory
configure:3775: $? = 1
configure: failed program was:
| /* confdefs.h.  */
| #define PACKAGE_NAME "wsjt"
| #define PACKAGE_TARNAME "wsjt"
| #define PACKAGE_VERSION "7.04"
| #define PACKAGE_STRING "wsjt 7.04"
| #define PACKAGE_BUGREPORT ""
| #define FC_LIB_PATH "/usr/lib/gcc/i686-apple-darwin11/4.2.1/x86_64/"
| #define FC "gfortran"
| /* end confdefs.h.  */
| #include <ac_nonexistent.h>
configure:3808: result: gcc -E
configure:3837: gcc -E -I/usr/local/include -I/usr/local/include  conftest.c
configure:3844: $? = 0
configure:3875: gcc -E -I/usr/local/include -I/usr/local/include  conftest.c
conftest.c:10:28: error: ac_nonexistent.h: No such file or directory
configure:3882: $? = 1
configure: failed program was:
| /* confdefs.h.  */
| #define PACKAGE_NAME "wsjt"
| #define PACKAGE_TARNAME "wsjt"
| #define PACKAGE_VERSION "7.04"
| #define PACKAGE_STRING "wsjt 7.04"
| #define PACKAGE_BUGREPORT ""
| #define FC_LIB_PATH "/usr/lib/gcc/i686-apple-darwin11/4.2.1/x86_64/"
| #define FC "gfortran"
| /* end confdefs.h.  */
| #include <ac_nonexistent.h>
configure:3920: checking for grep that handles long lines and -e
configure:3980: result: /usr/bin/grep
configure:3985: checking for egrep
configure:4049: result: /usr/bin/grep -E
configure:4055: checking whether gcc needs -traditional
conftest.c:10:20: error: termio.h: No such file or directory
configure:4097: result: no
configure:4104: checking whether make sets $(MAKE)
configure:4126: result: yes
configure:4180: checking for a BSD-compatible install
configure:4248: result: /usr/bin/install -c
configure:4261: checking for rm
configure:4279: found /bin/rm
configure:4291: result: /bin/rm
configure:4301: checking for cp
configure:4319: found /bin/cp
configure:4331: result: /bin/cp
configure:4341: checking for mv
configure:4359: found /bin/mv
configure:4371: result: /bin/mv
configure:4381: checking for ln
configure:4399: found /bin/ln
configure:4411: result: /bin/ln
configure:4421: checking for sed
configure:4439: found /usr/bin/sed
configure:4451: result: /usr/bin/sed
configure:4461: checking for ar
configure:4479: found /usr/bin/ar
configure:4491: result: /usr/bin/ar
configure:4501: checking for ld
configure:4519: found /usr/bin/ld
configure:4531: result: /usr/bin/ld
configure:4541: checking for test
configure:4559: found /bin/test
configure:4572: result: /bin/test
configure:4582: checking for python
configure:4600: found /Library/Frameworks/Python.framework/Versions/2.7/bin/python
configure:4612: result: /Library/Frameworks/Python.framework/Versions/2.7/bin/python
configure:4622: checking for f2py
configure:4640: found /Library/Frameworks/Python.framework/Versions/2.7/bin/f2py
configure:4652: result: /Library/Frameworks/Python.framework/Versions/2.7/bin/f2py
configure:4662: checking OS
configure:4669: checking for ANSI C header files
configure:4699: gcc -c  -Wall -O0 -g  -Wall -O0 -g -I/usr/local/include -I/usr/local/include  conftest.c >&5
configure:4706: $? = 0
configure:4805: gcc -o conftest  -Wall -O0 -g  -Wall -O0 -g -I/usr/local/include -I/usr/local/include  -L/usr/local/lib -L/usr/local/lib  conftest.c  -lpthread  -lportaudio >&5
configure:4809: $? = 0
configure:4815: ./conftest
configure:4819: $? = 0
configure:4837: result: yes
configure:4862: checking for sys/types.h
configure:4883: gcc -c  -Wall -O0 -g  -Wall -O0 -g -I/usr/local/include -I/usr/local/include  conftest.c >&5
configure:4890: $? = 0
configure:4907: result: yes
configure:4862: checking for sys/stat.h
configure:4883: gcc -c  -Wall -O0 -g  -Wall -O0 -g -I/usr/local/include -I/usr/local/include  conftest.c >&5
configure:4890: $? = 0
configure:4907: result: yes
configure:4862: checking for stdlib.h
configure:4883: gcc -c  -Wall -O0 -g  -Wall -O0 -g -I/usr/local/include -I/usr/local/include  conftest.c >&5
configure:4890: $? = 0
configure:4907: result: yes
configure:4862: checking for string.h
configure:4883: gcc -c  -Wall -O0 -g  -Wall -O0 -g -I/usr/local/include -I/usr/local/include  conftest.c >&5
configure:4890: $? = 0
configure:4907: result: yes
configure:4862: checking for memory.h
configure:4883: gcc -c  -Wall -O0 -g  -Wall -O0 -g -I/usr/local/include -I/usr/local/include  conftest.c >&5
configure:4890: $? = 0
configure:4907: result: yes
configure:4862: checking for strings.h
configure:4883: gcc -c  -Wall -O0 -g  -Wall -O0 -g -I/usr/local/include -I/usr/local/include  conftest.c >&5
configure:4890: $? = 0
configure:4907: result: yes
configure:4862: checking for inttypes.h
configure:4883: gcc -c  -Wall -O0 -g  -Wall -O0 -g -I/usr/local/include -I/usr/local/include  conftest.c >&5
configure:4890: $? = 0
configure:4907: result: yes
configure:4862: checking for stdint.h
configure:4883: gcc -c  -Wall -O0 -g  -Wall -O0 -g -I/usr/local/include -I/usr/local/include  conftest.c >&5
configure:4890: $? = 0
configure:4907: result: yes
configure:4862: checking for unistd.h
configure:4883: gcc -c  -Wall -O0 -g  -Wall -O0 -g -I/usr/local/include -I/usr/local/include  conftest.c >&5
configure:4890: $? = 0
configure:4907: result: yes
configure:4944: checking for inttypes.h
configure:4951: result: yes
configure:4944: checking for stdint.h
configure:4951: result: yes
configure:4955: checking sys/resource.h usability
configure:4972: gcc -c  -Wall -O0 -g  -Wall -O0 -g -I/usr/local/include -I/usr/local/include  conftest.c >&5
configure:4979: $? = 0
configure:4993: result: yes
configure:4997: checking sys/resource.h presence
configure:5012: gcc -E -I/usr/local/include -I/usr/local/include  conftest.c
configure:5019: $? = 0
configure:5033: result: yes
configure:5061: checking for sys/resource.h
configure:5070: result: yes
configure:4955: checking sys/param.h usability
configure:4972: gcc -c  -Wall -O0 -g  -Wall -O0 -g -I/usr/local/include -I/usr/local/include  conftest.c >&5
configure:4979: $? = 0
configure:4993: result: yes
configure:4997: checking sys/param.h presence
configure:5012: gcc -E -I/usr/local/include -I/usr/local/include  conftest.c
configure:5019: $? = 0
configure:5033: result: yes
configure:5061: checking for sys/param.h
configure:5070: result: yes
configure:4955: checking errno.h usability
configure:4972: gcc -c  -Wall -O0 -g  -Wall -O0 -g -I/usr/local/include -I/usr/local/include  conftest.c >&5
configure:4979: $? = 0
configure:4993: result: yes
configure:4997: checking errno.h presence
configure:5012: gcc -E -I/usr/local/include -I/usr/local/include  conftest.c
configure:5019: $? = 0
configure:5033: result: yes
configure:5061: checking for errno.h
configure:5070: result: yes
configure:4955: checking sys/syslog.h usability
configure:4972: gcc -c  -Wall -O0 -g  -Wall -O0 -g -I/usr/local/include -I/usr/local/include  conftest.c >&5
configure:4979: $? = 0
configure:4993: result: yes
configure:4997: checking sys/syslog.h presence
configure:5012: gcc -E -I/usr/local/include -I/usr/local/include  conftest.c
configure:5019: $? = 0
configure:5033: result: yes
configure:5061: checking for sys/syslog.h
configure:5070: result: yes
configure:4955: checking stddef.h usability
configure:4972: gcc -c  -Wall -O0 -g  -Wall -O0 -g -I/usr/local/include -I/usr/local/include  conftest.c >&5
configure:4979: $? = 0
configure:4993: result: yes
configure:4997: checking stddef.h presence
configure:5012: gcc -E -I/usr/local/include -I/usr/local/include  conftest.c
configure:5019: $? = 0
configure:5033: result: yes
configure:5061: checking for stddef.h
configure:5070: result: yes
configure:4955: checking libgen.h usability
configure:4972: gcc -c  -Wall -O0 -g  -Wall -O0 -g -I/usr/local/include -I/usr/local/include  conftest.c >&5
configure:4979: $? = 0
configure:4993: result: yes
configure:4997: checking libgen.h presence
configure:5012: gcc -E -I/usr/local/include -I/usr/local/include  conftest.c
configure:5019: $? = 0
configure:5033: result: yes
configure:5061: checking for libgen.h
configure:5070: result: yes
configure:4955: checking sys/wait.h usability
configure:4972: gcc -c  -Wall -O0 -g  -Wall -O0 -g -I/usr/local/include -I/usr/local/include  conftest.c >&5
configure:4979: $? = 0
configure:4993: result: yes
configure:4997: checking sys/wait.h presence
configure:5012: gcc -E -I/usr/local/include -I/usr/local/include  conftest.c
configure:5019: $? = 0
configure:5033: result: yes
configure:5061: checking for sys/wait.h
configure:5070: result: yes
configure:4955: checking wait.h usability
configure:4972: gcc -c  -Wall -O0 -g  -Wall -O0 -g -I/usr/local/include -I/usr/local/include  conftest.c >&5
conftest.c:62:18: error: wait.h: No such file or directory
configure:4979: $? = 1
configure: failed program was:
| /* confdefs.h.  */
| #define PACKAGE_NAME "wsjt"
| #define PACKAGE_TARNAME "wsjt"
| #define PACKAGE_VERSION "7.04"
| #define PACKAGE_STRING "wsjt 7.04"
| #define PACKAGE_BUGREPORT ""
| #define FC_LIB_PATH "/usr/lib/gcc/i686-apple-darwin11/4.2.1/x86_64/"
| #define FC "gfortran"
| #define STDC_HEADERS 1
| #define HAVE_SYS_TYPES_H 1
| #define HAVE_SYS_STAT_H 1
| #define HAVE_STDLIB_H 1
| #define HAVE_STRING_H 1
| #define HAVE_MEMORY_H 1
| #define HAVE_STRINGS_H 1
| #define HAVE_INTTYPES_H 1
| #define HAVE_STDINT_H 1
| #define HAVE_UNISTD_H 1
| #define HAVE_INTTYPES_H 1
| #define HAVE_STDINT_H 1
| #define HAVE_SYS_RESOURCE_H 1
| #define HAVE_SYS_PARAM_H 1
| #define HAVE_ERRNO_H 1
| #define HAVE_SYS_SYSLOG_H 1
| #define HAVE_STDDEF_H 1
| #define HAVE_LIBGEN_H 1
| #define HAVE_SYS_WAIT_H 1
| /* end confdefs.h.  */
| #include <stdio.h>
| #ifdef HAVE_SYS_TYPES_H
| # include <sys/types.h>
| #endif
| #ifdef HAVE_SYS_STAT_H
| # include <sys/stat.h>
| #endif
| #ifdef STDC_HEADERS
| # include <stdlib.h>
| # include <stddef.h>
| #else
| # ifdef HAVE_STDLIB_H
| #  include <stdlib.h>
| # endif
| #endif
| #ifdef HAVE_STRING_H
| # if !defined STDC_HEADERS && defined HAVE_MEMORY_H
| #  include <memory.h>
| # endif
| # include <string.h>
| #endif
| #ifdef HAVE_STRINGS_H
| # include <strings.h>
| #endif
| #ifdef HAVE_INTTYPES_H
| # include <inttypes.h>
| #endif
| #ifdef HAVE_STDINT_H
| # include <stdint.h>
| #endif
| #ifdef HAVE_UNISTD_H
| # include <unistd.h>
| #endif
| #include <wait.h>
configure:4993: result: no
configure:4997: checking wait.h presence
configure:5012: gcc -E -I/usr/local/include -I/usr/local/include  conftest.c
conftest.c:29:18: error: wait.h: No such file or directory
configure:5019: $? = 1
configure: failed program was:
| /* confdefs.h.  */
| #define PACKAGE_NAME "wsjt"
| #define PACKAGE_TARNAME "wsjt"
| #define PACKAGE_VERSION "7.04"
| #define PACKAGE_STRING "wsjt 7.04"
| #define PACKAGE_BUGREPORT ""
| #define FC_LIB_PATH "/usr/lib/gcc/i686-apple-darwin11/4.2.1/x86_64/"
| #define FC "gfortran"
| #define STDC_HEADERS 1
| #define HAVE_SYS_TYPES_H 1
| #define HAVE_SYS_STAT_H 1
| #define HAVE_STDLIB_H 1
| #define HAVE_STRING_H 1
| #define HAVE_MEMORY_H 1
| #define HAVE_STRINGS_H 1
| #define HAVE_INTTYPES_H 1
| #define HAVE_STDINT_H 1
| #define HAVE_UNISTD_H 1
| #define HAVE_INTTYPES_H 1
| #define HAVE_STDINT_H 1
| #define HAVE_SYS_RESOURCE_H 1
| #define HAVE_SYS_PARAM_H 1
| #define HAVE_ERRNO_H 1
| #define HAVE_SYS_SYSLOG_H 1
| #define HAVE_STDDEF_H 1
| #define HAVE_LIBGEN_H 1
| #define HAVE_SYS_WAIT_H 1
| /* end confdefs.h.  */
| #include <wait.h>
configure:5033: result: no
configure:5061: checking for wait.h
configure:5070: result: no
configure:4955: checking stdio.h usability
configure:4972: gcc -c  -Wall -O0 -g  -Wall -O0 -g -I/usr/local/include -I/usr/local/include  conftest.c >&5
configure:4979: $? = 0
configure:4993: result: yes
configure:4997: checking stdio.h presence
configure:5012: gcc -E -I/usr/local/include -I/usr/local/include  conftest.c
configure:5019: $? = 0
configure:5033: result: yes
configure:5061: checking for stdio.h
configure:5070: result: yes
configure:4955: checking termios.h usability
configure:4972: gcc -c  -Wall -O0 -g  -Wall -O0 -g -I/usr/local/include -I/usr/local/include  conftest.c >&5
configure:4979: $? = 0
configure:4993: result: yes
configure:4997: checking termios.h presence
configure:5012: gcc -E -I/usr/local/include -I/usr/local/include  conftest.c
configure:5019: $? = 0
configure:5033: result: yes
configure:5061: checking for termios.h
configure:5070: result: yes
configure:4944: checking for sys/resource.h
configure:4951: result: yes
configure:4955: checking linux/ppdev.h usability
configure:4972: gcc -c  -Wall -O0 -g  -Wall -O0 -g -I/usr/local/include -I/usr/local/include  conftest.c >&5
conftest.c:65:25: error: linux/ppdev.h: No such file or directory
configure:4979: $? = 1
configure: failed program was:
| /* confdefs.h.  */
| #define PACKAGE_NAME "wsjt"
| #define PACKAGE_TARNAME "wsjt"
| #define PACKAGE_VERSION "7.04"
| #define PACKAGE_STRING "wsjt 7.04"
| #define PACKAGE_BUGREPORT ""
| #define FC_LIB_PATH "/usr/lib/gcc/i686-apple-darwin11/4.2.1/x86_64/"
| #define FC "gfortran"
| #define STDC_HEADERS 1
| #define HAVE_SYS_TYPES_H 1
| #define HAVE_SYS_STAT_H 1
| #define HAVE_STDLIB_H 1
| #define HAVE_STRING_H 1
| #define HAVE_MEMORY_H 1
| #define HAVE_STRINGS_H 1
| #define HAVE_INTTYPES_H 1
| #define HAVE_STDINT_H 1
| #define HAVE_UNISTD_H 1
| #define HAVE_INTTYPES_H 1
| #define HAVE_STDINT_H 1
| #define HAVE_SYS_RESOURCE_H 1
| #define HAVE_SYS_PARAM_H 1
| #define HAVE_ERRNO_H 1
| #define HAVE_SYS_SYSLOG_H 1
| #define HAVE_STDDEF_H 1
| #define HAVE_LIBGEN_H 1
| #define HAVE_SYS_WAIT_H 1
| #define HAVE_STDIO_H 1
| #define HAVE_TERMIOS_H 1
| #define HAVE_SYS_RESOURCE_H 1
| /* end confdefs.h.  */
| #include <stdio.h>
| #ifdef HAVE_SYS_TYPES_H
| # include <sys/types.h>
| #endif
| #ifdef HAVE_SYS_STAT_H
| # include <sys/stat.h>
| #endif
| #ifdef STDC_HEADERS
| # include <stdlib.h>
| # include <stddef.h>
| #else
| # ifdef HAVE_STDLIB_H
| #  include <stdlib.h>
| # endif
| #endif
| #ifdef HAVE_STRING_H
| # if !defined STDC_HEADERS && defined HAVE_MEMORY_H
| #  include <memory.h>
| # endif
| # include <string.h>
| #endif
| #ifdef HAVE_STRINGS_H
| # include <strings.h>
| #endif
| #ifdef HAVE_INTTYPES_H
| # include <inttypes.h>
| #endif
| #ifdef HAVE_STDINT_H
| # include <stdint.h>
| #endif
| #ifdef HAVE_UNISTD_H
| # include <unistd.h>
| #endif
| #include <linux/ppdev.h>
configure:4993: result: no
configure:4997: checking linux/ppdev.h presence
configure:5012: gcc -E -I/usr/local/include -I/usr/local/include  conftest.c
conftest.c:32:25: error: linux/ppdev.h: No such file or directory
configure:5019: $? = 1
configure: failed program was:
| /* confdefs.h.  */
| #define PACKAGE_NAME "wsjt"
| #define PACKAGE_TARNAME "wsjt"
| #define PACKAGE_VERSION "7.04"
| #define PACKAGE_STRING "wsjt 7.04"
| #define PACKAGE_BUGREPORT ""
| #define FC_LIB_PATH "/usr/lib/gcc/i686-apple-darwin11/4.2.1/x86_64/"
| #define FC "gfortran"
| #define STDC_HEADERS 1
| #define HAVE_SYS_TYPES_H 1
| #define HAVE_SYS_STAT_H 1
| #define HAVE_STDLIB_H 1
| #define HAVE_STRING_H 1
| #define HAVE_MEMORY_H 1
| #define HAVE_STRINGS_H 1
| #define HAVE_INTTYPES_H 1
| #define HAVE_STDINT_H 1
| #define HAVE_UNISTD_H 1
| #define HAVE_INTTYPES_H 1
| #define HAVE_STDINT_H 1
| #define HAVE_SYS_RESOURCE_H 1
| #define HAVE_SYS_PARAM_H 1
| #define HAVE_ERRNO_H 1
| #define HAVE_SYS_SYSLOG_H 1
| #define HAVE_STDDEF_H 1
| #define HAVE_LIBGEN_H 1
| #define HAVE_SYS_WAIT_H 1
| #define HAVE_STDIO_H 1
| #define HAVE_TERMIOS_H 1
| #define HAVE_SYS_RESOURCE_H 1
| /* end confdefs.h.  */
| #include <linux/ppdev.h>
configure:5033: result: no
configure:5061: checking for linux/ppdev.h
configure:5070: result: no
configure:4955: checking dev/ppbus/ppi.h usability
configure:4972: gcc -c  -Wall -O0 -g  -Wall -O0 -g -I/usr/local/include -I/usr/local/include  conftest.c >&5
conftest.c:65:27: error: dev/ppbus/ppi.h: No such file or directory
configure:4979: $? = 1
configure: failed program was:
| /* confdefs.h.  */
| #define PACKAGE_NAME "wsjt"
| #define PACKAGE_TARNAME "wsjt"
| #define PACKAGE_VERSION "7.04"
| #define PACKAGE_STRING "wsjt 7.04"
| #define PACKAGE_BUGREPORT ""
| #define FC_LIB_PATH "/usr/lib/gcc/i686-apple-darwin11/4.2.1/x86_64/"
| #define FC "gfortran"
| #define STDC_HEADERS 1
| #define HAVE_SYS_TYPES_H 1
| #define HAVE_SYS_STAT_H 1
| #define HAVE_STDLIB_H 1
| #define HAVE_STRING_H 1
| #define HAVE_MEMORY_H 1
| #define HAVE_STRINGS_H 1
| #define HAVE_INTTYPES_H 1
| #define HAVE_STDINT_H 1
| #define HAVE_UNISTD_H 1
| #define HAVE_INTTYPES_H 1
| #define HAVE_STDINT_H 1
| #define HAVE_SYS_RESOURCE_H 1
| #define HAVE_SYS_PARAM_H 1
| #define HAVE_ERRNO_H 1
| #define HAVE_SYS_SYSLOG_H 1
| #define HAVE_STDDEF_H 1
| #define HAVE_LIBGEN_H 1
| #define HAVE_SYS_WAIT_H 1
| #define HAVE_STDIO_H 1
| #define HAVE_TERMIOS_H 1
| #define HAVE_SYS_RESOURCE_H 1
| /* end confdefs.h.  */
| #include <stdio.h>
| #ifdef HAVE_SYS_TYPES_H
| # include <sys/types.h>
| #endif
| #ifdef HAVE_SYS_STAT_H
| # include <sys/stat.h>
| #endif
| #ifdef STDC_HEADERS
| # include <stdlib.h>
| # include <stddef.h>
| #else
| # ifdef HAVE_STDLIB_H
| #  include <stdlib.h>
| # endif
| #endif
| #ifdef HAVE_STRING_H
| # if !defined STDC_HEADERS && defined HAVE_MEMORY_H
| #  include <memory.h>
| # endif
| # include <string.h>
| #endif
| #ifdef HAVE_STRINGS_H
| # include <strings.h>
| #endif
| #ifdef HAVE_INTTYPES_H
| # include <inttypes.h>
| #endif
| #ifdef HAVE_STDINT_H
| # include <stdint.h>
| #endif
| #ifdef HAVE_UNISTD_H
| # include <unistd.h>
| #endif
| #include <dev/ppbus/ppi.h>
configure:4993: result: no
configure:4997: checking dev/ppbus/ppi.h presence
configure:5012: gcc -E -I/usr/local/include -I/usr/local/include  conftest.c
conftest.c:32:27: error: dev/ppbus/ppi.h: No such file or directory
configure:5019: $? = 1
configure: failed program was:
| /* confdefs.h.  */
| #define PACKAGE_NAME "wsjt"
| #define PACKAGE_TARNAME "wsjt"
| #define PACKAGE_VERSION "7.04"
| #define PACKAGE_STRING "wsjt 7.04"
| #define PACKAGE_BUGREPORT ""
| #define FC_LIB_PATH "/usr/lib/gcc/i686-apple-darwin11/4.2.1/x86_64/"
| #define FC "gfortran"
| #define STDC_HEADERS 1
| #define HAVE_SYS_TYPES_H 1
| #define HAVE_SYS_STAT_H 1
| #define HAVE_STDLIB_H 1
| #define HAVE_STRING_H 1
| #define HAVE_MEMORY_H 1
| #define HAVE_STRINGS_H 1
| #define HAVE_INTTYPES_H 1
| #define HAVE_STDINT_H 1
| #define HAVE_UNISTD_H 1
| #define HAVE_INTTYPES_H 1
| #define HAVE_STDINT_H 1
| #define HAVE_SYS_RESOURCE_H 1
| #define HAVE_SYS_PARAM_H 1
| #define HAVE_ERRNO_H 1
| #define HAVE_SYS_SYSLOG_H 1
| #define HAVE_STDDEF_H 1
| #define HAVE_LIBGEN_H 1
| #define HAVE_SYS_WAIT_H 1
| #define HAVE_STDIO_H 1
| #define HAVE_TERMIOS_H 1
| #define HAVE_SYS_RESOURCE_H 1
| /* end confdefs.h.  */
| #include <dev/ppbus/ppi.h>
configure:5033: result: no
configure:5061: checking for dev/ppbus/ppi.h
configure:5070: result: no
configure:4944: checking for sys/stat.h
configure:4951: result: yes
configure:4955: checking fcntl.h usability
configure:4972: gcc -c  -Wall -O0 -g  -Wall -O0 -g -I/usr/local/include -I/usr/local/include  conftest.c >&5
configure:4979: $? = 0
configure:4993: result: yes
configure:4997: checking fcntl.h presence
configure:5012: gcc -E -I/usr/local/include -I/usr/local/include  conftest.c
configure:5019: $? = 0
configure:5033: result: yes
configure:5061: checking for fcntl.h
configure:5070: result: yes
configure:4955: checking sys/ioctl.h usability
configure:4972: gcc -c  -Wall -O0 -g  -Wall -O0 -g -I/usr/local/include -I/usr/local/include  conftest.c >&5
configure:4979: $? = 0
configure:4993: result: yes
configure:4997: checking sys/ioctl.h presence
configure:5012: gcc -E -I/usr/local/include -I/usr/local/include  conftest.c
configure:5019: $? = 0
configure:5033: result: yes
configure:5061: checking for sys/ioctl.h
configure:5070: result: yes
configure:5085: checking whether time.h and sys/time.h may both be included
configure:5115: gcc -c  -Wall -O0 -g  -Wall -O0 -g -I/usr/local/include -I/usr/local/include  conftest.c >&5
configure:5122: $? = 0
configure:5137: result: yes
configure:5158: checking fftw3.h usability
configure:5175: gcc -c  -Wall -O0 -g  -Wall -O0 -g -I/usr/local/include -I/usr/local/include  conftest.c >&5
configure:5182: $? = 0
configure:5196: result: yes
configure:5200: checking fftw3.h presence
configure:5215: gcc -E -I/usr/local/include -I/usr/local/include  conftest.c
configure:5222: $? = 0
configure:5236: result: yes
configure:5264: checking for fftw3.h
configure:5271: result: yes
configure:5292: checking samplerate.h usability
configure:5309: gcc -c  -Wall -O0 -g  -Wall -O0 -g -I/usr/local/include -I/usr/local/include  conftest.c >&5
configure:5316: $? = 0
configure:5330: result: yes
configure:5334: checking samplerate.h presence
configure:5349: gcc -E -I/usr/local/include -I/usr/local/include  conftest.c
configure:5356: $? = 0
configure:5370: result: yes
configure:5398: checking for samplerate.h
configure:5405: result: yes
configure:5417: checking whether string.h and strings.h may both be included
configure:5433: gcc -c  -Wall -O0 -g  -Wall -O0 -g -I/usr/local/include -I/usr/local/include  conftest.c >&5
configure:5440: $? = 0
configure:5456: result: yes
configure:5467: checking for sfftw_destroy_plan_ in -lfftw3f
configure:5502: gcc -o conftest  -Wall -O0 -g  -Wall -O0 -g -I/usr/local/include -I/usr/local/include  -L/usr/local/lib -L/usr/local/lib  conftest.c -lfftw3f   -lpthread  -lportaudio >&5
configure:5509: $? = 0
configure:5530: result: yes
configure:5551: checking stdarg.h usability
configure:5568: gcc -c  -Wall -O0 -g  -Wall -O0 -g -I/usr/local/include -I/usr/local/include  conftest.c >&5
configure:5575: $? = 0
configure:5589: result: yes
configure:5593: checking stdarg.h presence
configure:5608: gcc -E -I/usr/local/include -I/usr/local/include  conftest.c
configure:5615: $? = 0
configure:5629: result: yes
configure:5657: checking for stdarg.h
configure:5664: result: yes
configure:5943: creating ./config.status

## ---------------------- ##
## Running config.status. ##
## ---------------------- ##

This file was extended by wsjt config.status 7.04, which was
generated by GNU Autoconf 2.62.  Invocation command line was

  CONFIG_FILES    = 
  CONFIG_HEADERS  = 
  CONFIG_LINKS    = 
  CONFIG_COMMANDS = 
  $ ./config.status 

on Liangs-MacBook-Air.local

config.status:674: creating Makefile

## ---------------- ##
## Cache variables. ##
## ---------------- ##

ac_cv_c_compiler_gnu=yes
ac_cv_c_inline=inline
ac_cv_env_CC_set=
ac_cv_env_CC_value=
ac_cv_env_CFLAGS_set=
ac_cv_env_CFLAGS_value=
ac_cv_env_CPPFLAGS_set=
ac_cv_env_CPPFLAGS_value=
ac_cv_env_CPP_set=
ac_cv_env_CPP_value=
ac_cv_env_F77_set=
ac_cv_env_F77_value=
ac_cv_env_FFLAGS_set=
ac_cv_env_FFLAGS_value=
ac_cv_env_LDFLAGS_set=
ac_cv_env_LDFLAGS_value=
ac_cv_env_LIBS_set=
ac_cv_env_LIBS_value=
ac_cv_env_build_alias_set=
ac_cv_env_build_alias_value=
ac_cv_env_host_alias_set=
ac_cv_env_host_alias_value=
ac_cv_env_target_alias_set=
ac_cv_env_target_alias_value=
ac_cv_f77_compiler_gnu=yes
ac_cv_header_dev_ppbus_ppi_h=no
ac_cv_header_errno_h=yes
ac_cv_header_fcntl_h=yes
ac_cv_header_fftw3_h=yes
ac_cv_header_inttypes_h=yes
ac_cv_header_libgen_h=yes
ac_cv_header_linux_ppdev_h=no
ac_cv_header_memory_h=yes
ac_cv_header_samplerate_h=yes
ac_cv_header_stdarg_h=yes
ac_cv_header_stdc=yes
ac_cv_header_stddef_h=yes
ac_cv_header_stdint_h=yes
ac_cv_header_stdio_h=yes
ac_cv_header_stdlib_h=yes
ac_cv_header_string_h=yes
ac_cv_header_strings_h=yes
ac_cv_header_sys_ioctl_h=yes
ac_cv_header_sys_param_h=yes
ac_cv_header_sys_resource_h=yes
ac_cv_header_sys_stat_h=yes
ac_cv_header_sys_syslog_h=yes
ac_cv_header_sys_types_h=yes
ac_cv_header_sys_wait_h=yes
ac_cv_header_termios_h=yes
ac_cv_header_time=yes
ac_cv_header_unistd_h=yes
ac_cv_header_wait_h=no
ac_cv_lib_fftw3f_sfftw_destroy_plan_=yes
ac_cv_lib_portaudio_Pa_GetVersion=yes
ac_cv_objext=o
ac_cv_path_AR=/usr/bin/ar
ac_cv_path_CP=/bin/cp
ac_cv_path_EGREP='/usr/bin/grep -E'
ac_cv_path_F2PY=/Library/Frameworks/Python.framework/Versions/2.7/bin/f2py
ac_cv_path_GFORTRAN=/usr/bin/gfortran
ac_cv_path_GREP=/usr/bin/grep
ac_cv_path_LD=/usr/bin/ld
ac_cv_path_LN=/bin/ln
ac_cv_path_MV=/bin/mv
ac_cv_path_PYTHON=/Library/Frameworks/Python.framework/Versions/2.7/bin/python
ac_cv_path_RM=/bin/rm
ac_cv_path_SED=/usr/bin/sed
ac_cv_path_TEST=/bin/test
ac_cv_path_install='/usr/bin/install -c'
ac_cv_prog_CPP='gcc -E'
ac_cv_prog_ac_ct_CC=gcc
ac_cv_prog_ac_ct_F77=gfortran
ac_cv_prog_cc_c89=
ac_cv_prog_cc_g=yes
ac_cv_prog_f77_g=yes
ac_cv_prog_gcc_traditional=no
ac_cv_prog_make_make_set=yes
ac_cv_search_strerror='none required'
gcc_cv_header_string=yes

## ----------------- ##
## Output variables. ##
## ----------------- ##

AR='/usr/bin/ar'
CC='gcc'
CFLAGS=' -Wall -O0 -g  -Wall -O0 -g'
CLOBBER=''
CP='/bin/cp'
CPP='gcc -E'
CPPFLAGS='-I/usr/local/include -I/usr/local/include '
DEFS='-DPACKAGE_NAME=\"wsjt\" -DPACKAGE_TARNAME=\"wsjt\" -DPACKAGE_VERSION=\"7.04\" -DPACKAGE_STRING=\"wsjt\ 7.04\" -DPACKAGE_BUGREPORT=\"\" -DFC_LIB_PATH=\"/usr/lib/gcc/i686-apple-darwin11/4.2.1/x86_64/\" -DFC=\"gfortran\" -DSTDC_HEADERS=1 -DHAVE_SYS_TYPES_H=1 -DHAVE_SYS_STAT_H=1 -DHAVE_STDLIB_H=1 -DHAVE_STRING_H=1 -DHAVE_MEMORY_H=1 -DHAVE_STRINGS_H=1 -DHAVE_INTTYPES_H=1 -DHAVE_STDINT_H=1 -DHAVE_UNISTD_H=1 -DHAVE_INTTYPES_H=1 -DHAVE_STDINT_H=1 -DHAVE_SYS_RESOURCE_H=1 -DHAVE_SYS_PARAM_H=1 -DHAVE_ERRNO_H=1 -DHAVE_SYS_SYSLOG_H=1 -DHAVE_STDDEF_H=1 -DHAVE_LIBGEN_H=1 -DHAVE_SYS_WAIT_H=1 -DHAVE_STDIO_H=1 -DHAVE_TERMIOS_H=1 -DHAVE_SYS_RESOURCE_H=1 -DHAVE_SYS_STAT_H=1 -DHAVE_FCNTL_H=1 -DHAVE_SYS_IOCTL_H=1 -DTIME_WITH_SYS_TIME=1 -DSTRING_WITH_STRINGS=1 -DNDEBUG=1 -DHAS_SAMPLERATE_H=1 -DHAS_PORTAUDIO=1 -DHAS_PORTAUDIO_H=1 -DHAS_PORTAUDIO_LIB=1 -DHAS_FFTW3_H=1 -DHAS_FFTW3FLIBS=1'
ECHO_C='\c'
ECHO_N=''
ECHO_T=''
EGREP='/usr/bin/grep -E'
EXEEXT=''
F2PY='/Library/Frameworks/Python.framework/Versions/2.7/bin/f2py'
F77='gfortran'
FC='gfortran'
FCV='gnu95'
FC_LIB_PATH='/usr/lib/gcc/i686-apple-darwin11/4.2.1/x86_64/'
FFLAGS='-g -O2 -fno-range-check -ffixed-line-length-none			-Wall -fbounds-check -fno-second-underscore -fPIC'
G95=''
GFORTRAN='/usr/bin/gfortran'
GREP='/usr/bin/grep'
INSTALL_DATA='${INSTALL} -m 644'
INSTALL_PROGRAM='${INSTALL}'
INSTALL_SCRIPT='${INSTALL}'
LD='/usr/bin/ld'
LDFLAGS='-L/usr/local/lib -L/usr/local/lib '
LIBOBJS=''
LIBS=' -lpthread  -lportaudio -lsamplerate -lfftw3f'
LN='/bin/ln'
LTLIBOBJS=''
MV='/bin/mv'
OBJEXT='o'
OS='Darwin'
PACKAGE_BUGREPORT=''
PACKAGE_NAME='wsjt'
PACKAGE_STRING='wsjt 7.04'
PACKAGE_TARNAME='wsjt'
PACKAGE_VERSION='7.04'
PATH_SEPARATOR=':'
PREFIX='/usr/local'
PYTHON='/Library/Frameworks/Python.framework/Versions/2.7/bin/python'
RM='/bin/rm'
SED='/usr/bin/sed'
SET_MAKE=''
SHELL='/bin/sh'
TEST='/bin/test'
VERSION=''
ac_ct_CC='gcc'
ac_ct_F77='gfortran'
bindir='${exec_prefix}/bin'
build_alias=''
datadir='${datarootdir}'
datarootdir='${prefix}/share'
docdir='${datarootdir}/doc/${PACKAGE_TARNAME}'
dvidir='${docdir}'
exec_prefix='${prefix}'
host_alias=''
htmldir='${docdir}'
includedir='${prefix}/include'
infodir='${datarootdir}/info'
libdir='${exec_prefix}/lib'
libexecdir='${exec_prefix}/libexec'
localedir='${datarootdir}/locale'
localstatedir='${prefix}/var'
mandir='${datarootdir}/man'
oldincludedir='/usr/include'
pdfdir='${docdir}'
prefix='/usr/local'
program_transform_name='s,x,x,'
psdir='${docdir}'
sbindir='${exec_prefix}/sbin'
sharedstatedir='${prefix}/com'
sysconfdir='${prefix}/etc'
target_alias=''

## ----------- ##
## confdefs.h. ##
## ----------- ##

#define PACKAGE_NAME "wsjt"
#define PACKAGE_TARNAME "wsjt"
#define PACKAGE_VERSION "7.04"
#define PACKAGE_STRING "wsjt 7.04"
#define PACKAGE_BUGREPORT ""
#define FC_LIB_PATH "/usr/lib/gcc/i686-apple-darwin11/4.2.1/x86_64/"
#define FC "gfortran"
#define STDC_HEADERS 1
#define HAVE_SYS_TYPES_H 1
#define HAVE_SYS_STAT_H 1
#define HAVE_STDLIB_H 1
#define HAVE_STRING_H 1
#define HAVE_MEMORY_H 1
#define HAVE_STRINGS_H 1
#define HAVE_INTTYPES_H 1
#define HAVE_STDINT_H 1
#define HAVE_UNISTD_H 1
#define HAVE_INTTYPES_H 1
#define HAVE_STDINT_H 1
#define HAVE_SYS_RESOURCE_H 1
#define HAVE_SYS_PARAM_H 1
#define HAVE_ERRNO_H 1
#define HAVE_SYS_SYSLOG_H 1
#define HAVE_STDDEF_H 1
#define HAVE_LIBGEN_H 1
#define HAVE_SYS_WAIT_H 1
#define HAVE_STDIO_H 1
#define HAVE_TERMIOS_H 1
#define HAVE_SYS_RESOURCE_H 1
#define HAVE_SYS_STAT_H 1
#define HAVE_FCNTL_H 1
#define HAVE_SYS_IOCTL_H 1
#define TIME_WITH_SYS_TIME 1
#define STRING_WITH_STRINGS 1
#define NDEBUG 1
#define HAS_SAMPLERATE_H 1
#define HAS_PORTAUDIO 1
#define HAS_PORTAUDIO_H 1
#define HAS_PORTAUDIO_LIB 1
#define HAS_FFTW3_H 1
#define HAS_FFTW3FLIBS 1

configure: exit 0
